<?xml version="1.0" encoding="UTF-8"?>
<!-- Generated by org.testng.reporters.JUnitReportReporter -->
<testsuite skipped="0" hostname="Varuns-MBP" name="cucumberOptions.TestRunner" tests="1" failures="0" timestamp="10 Jul 2019 13:34:31 GMT" time="15.213" errors="0">
  <testcase name="feature" time="15.213" classname="cucumberOptions.TestRunner"/>
</testsuite> <!-- cucumberOptions.TestRunner -->
