<?xml version="1.0" encoding="UTF-8"?>
<!-- Generated by org.testng.reporters.JUnitReportReporter -->
<testsuite skipped="0" hostname="Varuns-MacBook-Pro.local" name="cucumberOptions.TestRunner" tests="1" failures="0" timestamp="03 Jul 2019 14:12:07 GMT" time="53.760" errors="0">
  <testcase name="feature" time="53.760" classname="cucumberOptions.TestRunner"/>
</testsuite> <!-- cucumberOptions.TestRunner -->
