<?xml version="1.0" encoding="UTF-8"?>
<!-- Generated by org.testng.reporters.JUnitReportReporter -->
<testsuite skipped="0" hostname="Varuns-MacBook-Pro.local" name="cucumberOptions.TestRunner" tests="1" failures="0" timestamp="01 Jul 2019 21:06:55 GMT" time="0.006" errors="0">
  <testcase name="feature" time="0.006" classname="cucumberOptions.TestRunner"/>
</testsuite> <!-- cucumberOptions.TestRunner -->
