<?xml version="1.0" encoding="UTF-8"?>
<!-- Generated by org.testng.reporters.JUnitReportReporter -->
<testsuite skipped="0" hostname="Varuns-MacBook-Pro.local" name="cucumberOptions.TestRunner" tests="1" failures="0" timestamp="02 Jul 2019 00:15:36 GMT" time="4.325" errors="0">
  <testcase name="feature" time="4.325" classname="cucumberOptions.TestRunner"/>
</testsuite> <!-- cucumberOptions.TestRunner -->
